<?xml version="1.0" encoding="UTF-8"?>
<!-- Generated by org.testng.reporters.JUnitXMLReporter -->
<testsuite ignored="3" hostname="LAPTOP-RDR6FRU6" failures="0" tests="4" name="Test" time="90.438" errors="0" timestamp="07 Dec 2022 20:12:16 GMT">
  <testcase classname="TestNg.TvPurchase" name="login" time="0.106"/>
  <testcase classname="TestNg.TvPurchase" name="tvSearch" time="0.128"/>
  <testcase classname="TestNg.MobilePurchase" name="login" time="0.125"/>
  <testcase classname="TestNg.MobilePurchase" name="mobileSearch" time="0.682"/>
  <testcase classname="TestNg.MobilePurchase" name="windowHandle" time="0.0">
    <ignored/>
  </testcase> <!-- windowHandle -->
  <testcase classname="TestNg.MobilePurchase" name="mobileName" time="0.0">
    <ignored/>
  </testcase> <!-- mobileName -->
  <testcase classname="TestNg.MobilePurchase" name="screenShot" time="0.0">
    <ignored/>
  </testcase> <!-- screenShot -->
</testsuite> <!-- Test -->
